<?xml version="1.0" encoding="UTF-8"?>
<!-- Generated by org.testng.reporters.JUnitReportReporter -->
<testsuite hostname="AL" failures="0" tests="4" name="getRequest.graphQlRequest" time="0.974" errors="0" timestamp="2021-05-11T10:36:04 EEST" skipped="0">
  <testcase classname="getRequest.graphQlRequest" name="Get_Finance_Methods" time="0.506"/>
  <system-out/>
  <testcase classname="getRequest.graphQlRequest" name="TestResponseCode" time="0.075"/>
  <system-out/>
  <testcase classname="getRequest.graphQlRequest" name="TestResponseFields" time="0.376"/>
  <system-out/>
  <testcase classname="getRequest.graphQlRequest" name="Get_Products" time="0.017"/>
  <system-out/>
</testsuite> <!-- getRequest.graphQlRequest -->
